Vivado Simulator v2021.1
Copyright 1986-1999, 2001-2021 Xilinx, Inc. All Rights Reserved.
Running: /opt/Xilinx/Vivado/2021.1/bin/unwrapped/lnx64.o/xelab -wto 1d2140c335144d1aa20a48c1c2e9009b --incr --debug typical --relax --mt 8 -L xil_defaultlib -L secureip --snapshot ALU_tb_behav xil_defaultlib.ALU_tb -log elaborate.log 
Using 8 slave threads.
Starting static elaboration
Completed static elaboration
Starting simulation data flow analysis
Completed simulation data flow analysis
Time Resolution for simulation is 1ps
Compiling package std.standard
Compiling package std.textio
Compiling package ieee.std_logic_1164
Compiling package ieee.numeric_std
Compiling package ieee.std_logic_textio
Compiling package xil_defaultlib.processor_pkg
Compiling architecture ldd1 of entity xil_defaultlib.FA1B [fa1b_default]
Compiling architecture ldd1 of entity xil_defaultlib.ADD [\ADD(c_data_width=8)\]
Compiling architecture behavioral of entity xil_defaultlib.ALU8bit [alu8bit_default]
Compiling architecture behavioral of entity xil_defaultlib.alu_tb
Built simulation snapshot ALU_tb_behav
